🚀 Server running on http://localhost:3001
📚 API routes available:
   - GET  /health
   - POST /api/auth/login
   - GET  /api/auth/me
   - POST /api/auth/register
   - POST /api/auth/refresh
   - GET  /api/airtable
   - POST /api/airtable
   - GET  /api/documents
   - POST /api/documents
   - DELETE /api/documents
   - GET  /api/documents/view
   - GET  /api/documents/download
   - GET  /api/documents/generate-code
   - POST /api/bank-statement-processing
   - GET  /api/bank-statement-processing/status
   - GET  /api/bank-statement-processing/download
   - GET  /api/customer-subscriptions
   - GET  /api/processor-billing
   - GET  /api/services
   - GET  /api/services-cached
   - DELETE /api/services-cached
   - POST /api/subscriptions
   - PATCH /api/subscriptions
   - DELETE /api/subscriptions
   - GET  /api/youtube-videos
   - GET  /api/service-by-client
   - GET  /api/company-contacts
   - POST /api/company-contacts
   - GET  /api/company-contacts/:id
   - PATCH /api/company-contacts/:id
   - DELETE /api/company-contacts/:id
   - GET  /api/company-contacts/contact/:contactId/companies
   - GET  /api/company-contacts/company/:companyId/contacts
   - POST /api/company-contacts/contact/:contactId/set-primary
   - GET  /api/company-contacts/service/:serviceName/subscribers
   - GET  /api/contacts
   - GET  /api/contacts/:id
   - GET  /api/companies
   - GET  /api/companies/:id
   - GET  /api/view
   - GET  /api/sync-gdrive/preview
   - POST /api/sync-gdrive
Started development server: http://localhost:3001
<-- POST /api/ledger
CORS request from origin: 
Using CLIENT_URL: https://airtable-dashboard.onrender.com
--> POST /api/ledger [33m400[0m 340ms
🚀 Server running on http://localhost:3001
📚 API routes available:
   - GET  /health
   - POST /api/auth/login
   - GET  /api/auth/me
   - POST /api/auth/register
   - POST /api/auth/refresh
   - GET  /api/airtable
   - POST /api/airtable
   - GET  /api/documents
   - POST /api/documents
   - DELETE /api/documents
   - GET  /api/documents/view
   - GET  /api/documents/download
   - GET  /api/documents/generate-code
   - POST /api/bank-statement-processing
   - GET  /api/bank-statement-processing/status
   - GET  /api/bank-statement-processing/download
   - GET  /api/customer-subscriptions
   - GET  /api/processor-billing
   - GET  /api/services
   - GET  /api/services-cached
   - DELETE /api/services-cached
   - POST /api/subscriptions
   - PATCH /api/subscriptions
   - DELETE /api/subscriptions
   - GET  /api/youtube-videos
   - GET  /api/service-by-client
   - GET  /api/company-contacts
   - POST /api/company-contacts
   - GET  /api/company-contacts/:id
   - PATCH /api/company-contacts/:id
   - DELETE /api/company-contacts/:id
   - GET  /api/company-contacts/contact/:contactId/companies
   - GET  /api/company-contacts/company/:companyId/contacts
   - POST /api/company-contacts/contact/:contactId/set-primary
   - GET  /api/company-contacts/service/:serviceName/subscribers
   - GET  /api/contacts
   - GET  /api/contacts/:id
   - GET  /api/companies
   - GET  /api/companies/:id
   - GET  /api/view
   - GET  /api/sync-gdrive/preview
   - POST /api/sync-gdrive
Started development server: http://localhost:3001
🚀 Server running on http://localhost:3001
📚 API routes available:
   - GET  /health
   - POST /api/auth/login
   - GET  /api/auth/me
   - POST /api/auth/register
   - POST /api/auth/refresh
   - GET  /api/airtable
   - POST /api/airtable
   - GET  /api/documents
   - POST /api/documents
   - DELETE /api/documents
   - GET  /api/documents/view
   - GET  /api/documents/download
   - GET  /api/documents/generate-code
   - POST /api/bank-statement-processing
   - GET  /api/bank-statement-processing/status
   - GET  /api/bank-statement-processing/download
   - GET  /api/customer-subscriptions
   - GET  /api/processor-billing
   - GET  /api/services
   - GET  /api/services-cached
   - DELETE /api/services-cached
   - POST /api/subscriptions
   - PATCH /api/subscriptions
   - DELETE /api/subscriptions
   - GET  /api/youtube-videos
   - GET  /api/service-by-client
   - GET  /api/company-contacts
   - POST /api/company-contacts
   - GET  /api/company-contacts/:id
   - PATCH /api/company-contacts/:id
   - DELETE /api/company-contacts/:id
   - GET  /api/company-contacts/contact/:contactId/companies
   - GET  /api/company-contacts/company/:companyId/contacts
   - POST /api/company-contacts/contact/:contactId/set-primary
   - GET  /api/company-contacts/service/:serviceName/subscribers
   - GET  /api/contacts
   - GET  /api/contacts/:id
   - GET  /api/companies
   - GET  /api/companies/:id
   - GET  /api/view
   - GET  /api/sync-gdrive/preview
   - POST /api/sync-gdrive
Started development server: http://localhost:3001
🚀 Server running on http://localhost:3001
📚 API routes available:
   - GET  /health
   - POST /api/auth/login
   - GET  /api/auth/me
   - POST /api/auth/register
   - POST /api/auth/refresh
   - GET  /api/airtable
   - POST /api/airtable
   - GET  /api/documents
   - POST /api/documents
   - DELETE /api/documents
   - GET  /api/documents/view
   - GET  /api/documents/download
   - GET  /api/documents/generate-code
   - POST /api/bank-statement-processing
   - GET  /api/bank-statement-processing/status
   - GET  /api/bank-statement-processing/download
   - GET  /api/customer-subscriptions
   - GET  /api/processor-billing
   - GET  /api/services
   - GET  /api/services-cached
   - DELETE /api/services-cached
   - POST /api/subscriptions
   - PATCH /api/subscriptions
   - DELETE /api/subscriptions
   - GET  /api/youtube-videos
   - GET  /api/service-by-client
   - GET  /api/company-contacts
   - POST /api/company-contacts
   - GET  /api/company-contacts/:id
   - PATCH /api/company-contacts/:id
   - DELETE /api/company-contacts/:id
   - GET  /api/company-contacts/contact/:contactId/companies
   - GET  /api/company-contacts/company/:companyId/contacts
   - POST /api/company-contacts/contact/:contactId/set-primary
   - GET  /api/company-contacts/service/:serviceName/subscribers
   - GET  /api/contacts
   - GET  /api/contacts/:id
   - GET  /api/companies
   - GET  /api/companies/:id
   - GET  /api/view
   - GET  /api/sync-gdrive/preview
   - POST /api/sync-gdrive
Started development server: http://localhost:3001
